<?xml version="1.0" encoding="UTF-8"?>
<testng-results skipped="0" failed="0" ignored="0" total="2" passed="2">
  <reporter-output>
  </reporter-output>
  <suite name="Default suite" duration-ms="76414" started-at="2016-12-26T06:34:51Z" finished-at="2016-12-26T06:36:07Z">
    <groups>
      <group name="login">
        <method signature="TestaCaixaDeEntrada.testaLoginSiapcon()[pri:0, instance:TestaCaixaDeEntrada@6d00a15d]" name="testaLoginSiapcon" class="TestaCaixaDeEntrada"/>
      </group> <!-- login -->
      <group name="irpara">
        <method signature="TestaCaixaDeEntrada.testaIrPara()[pri:0, instance:TestaCaixaDeEntrada@6d00a15d]" name="testaIrPara" class="TestaCaixaDeEntrada"/>
      </group> <!-- irpara -->
    </groups>
    <test name="Default test" duration-ms="76414" started-at="2016-12-26T06:34:51Z" finished-at="2016-12-26T06:36:07Z">
      <class name="TestaCaixaDeEntrada">
        <test-method status="PASS" signature="setUp()[pri:0, instance:TestaCaixaDeEntrada@6d00a15d]" name="setUp" is-config="true" duration-ms="5806" started-at="2016-12-26T04:34:51Z" finished-at="2016-12-26T04:34:57Z">
          <reporter-output>
          </reporter-output>
        </test-method> <!-- setUp -->
        <test-method status="PASS" signature="testaLoginSiapcon()[pri:0, instance:TestaCaixaDeEntrada@6d00a15d]" name="testaLoginSiapcon" duration-ms="4635" started-at="2016-12-26T04:34:57Z" finished-at="2016-12-26T04:35:01Z">
          <reporter-output>
          </reporter-output>
        </test-method> <!-- testaLoginSiapcon -->
        <test-method status="PASS" signature="testaIrPara()[pri:0, instance:TestaCaixaDeEntrada@6d00a15d]" name="testaIrPara" duration-ms="64151" depends-on-groups="login" started-at="2016-12-26T04:35:01Z" finished-at="2016-12-26T04:36:05Z">
          <reporter-output>
          </reporter-output>
        </test-method> <!-- testaIrPara -->
        <test-method status="PASS" signature="tearDown()[pri:0, instance:TestaCaixaDeEntrada@6d00a15d]" name="tearDown" is-config="true" duration-ms="1755" depends-on-groups="irpara" started-at="2016-12-26T04:36:05Z" finished-at="2016-12-26T04:36:07Z">
          <reporter-output>
          </reporter-output>
        </test-method> <!-- tearDown -->
      </class> <!-- TestaCaixaDeEntrada -->
    </test> <!-- Default test -->
  </suite> <!-- Default suite -->
</testng-results>
